INFO:     Started server process [88270]
INFO:     Waiting for application startup.
INFO:main:🚀 Starting Topology Trading System…
INFO:data_fetcher:Scraped 50 Nifty 50 tickers from Wikipedia
INFO:data_fetcher:Downloading data for 50 tickers from yfinance in chunks…
INFO:data_fetcher:Fetching chunk: ['ADANIENT.NS', 'ADANIPORTS.NS', 'APOLLOHOSP.NS', 'ASIANPAINT.NS', 'AXISBANK.NS']
ERROR:yfinance:
5 Failed downloads:
ERROR:yfinance:['APOLLOHOSP.NS', 'AXISBANK.NS', 'ADANIENT.NS', 'ADANIPORTS.NS', 'ASIANPAINT.NS']: JSONDecodeError('Expecting value: line 1 column 1 (char 0)')
INFO:data_fetcher:Fetching chunk: ['BAJAJ-AUTO.NS', 'BAJFINANCE.NS', 'BAJAJFINSV.NS', 'BEL.NS', 'BHARTIARTL.NS']
ERROR:yfinance:
5 Failed downloads:
ERROR:yfinance:['BAJAJ-AUTO.NS', 'BHARTIARTL.NS', 'BAJAJFINSV.NS', 'BAJFINANCE.NS', 'BEL.NS']: JSONDecodeError('Expecting value: line 1 column 1 (char 0)')
INFO:data_fetcher:Fetching chunk: ['CIPLA.NS', 'COALINDIA.NS', 'DRREDDY.NS', 'EICHERMOT.NS', 'ETERNAL.NS']
ERROR:yfinance:
5 Failed downloads:
ERROR:yfinance:['EICHERMOT.NS', 'COALINDIA.NS', 'CIPLA.NS', 'ETERNAL.NS', 'DRREDDY.NS']: JSONDecodeError('Expecting value: line 1 column 1 (char 0)')
INFO:data_fetcher:Fetching chunk: ['GRASIM.NS', 'HCLTECH.NS', 'HDFCBANK.NS', 'HDFCLIFE.NS', 'HINDALCO.NS']
ERROR:yfinance:
5 Failed downloads:
ERROR:yfinance:['HINDALCO.NS', 'GRASIM.NS', 'HCLTECH.NS', 'HDFCBANK.NS', 'HDFCLIFE.NS']: JSONDecodeError('Expecting value: line 1 column 1 (char 0)')
INFO:data_fetcher:Fetching chunk: ['HINDUNILVR.NS', 'ICICIBANK.NS', 'INDIGO.NS', 'INFY.NS', 'ITC.NS']
ERROR:yfinance:
5 Failed downloads:
ERROR:yfinance:['INDIGO.NS', 'ITC.NS', 'ICICIBANK.NS', 'HINDUNILVR.NS', 'INFY.NS']: JSONDecodeError('Expecting value: line 1 column 1 (char 0)')
INFO:data_fetcher:Fetching chunk: ['JIOFIN.NS', 'JSWSTEEL.NS', 'KOTAKBANK.NS', 'LT.NS', 'M&M.NS']
ERROR:yfinance:
5 Failed downloads:
ERROR:yfinance:['M&M.NS', 'KOTAKBANK.NS', 'JSWSTEEL.NS', 'LT.NS', 'JIOFIN.NS']: JSONDecodeError('Expecting value: line 1 column 1 (char 0)')
INFO:data_fetcher:Fetching chunk: ['MARUTI.NS', 'MAXHEALTH.NS', 'NESTLEIND.NS', 'NTPC.NS', 'ONGC.NS']
ERROR:yfinance:
5 Failed downloads:
ERROR:yfinance:['NTPC.NS', 'NESTLEIND.NS', 'ONGC.NS', 'MARUTI.NS', 'MAXHEALTH.NS']: JSONDecodeError('Expecting value: line 1 column 1 (char 0)')
INFO:data_fetcher:Fetching chunk: ['POWERGRID.NS', 'RELIANCE.NS', 'SBILIFE.NS', 'SHRIRAMFIN.NS', 'SBIN.NS']
ERROR:yfinance:
5 Failed downloads:
ERROR:yfinance:['RELIANCE.NS', 'SBIN.NS', 'SHRIRAMFIN.NS', 'POWERGRID.NS', 'SBILIFE.NS']: JSONDecodeError('Expecting value: line 1 column 1 (char 0)')
INFO:data_fetcher:Fetching chunk: ['SUNPHARMA.NS', 'TCS.NS', 'TATACONSUM.NS', 'TMPV.NS', 'TATASTEEL.NS']
ERROR:yfinance:
5 Failed downloads:
ERROR:yfinance:['TCS.NS', 'SUNPHARMA.NS', 'TATACONSUM.NS', 'TMPV.NS', 'TATASTEEL.NS']: JSONDecodeError('Expecting value: line 1 column 1 (char 0)')
INFO:data_fetcher:Fetching chunk: ['TECHM.NS', 'TITAN.NS', 'TRENT.NS', 'ULTRACEMCO.NS', 'WIPRO.NS']
ERROR:yfinance:
5 Failed downloads:
ERROR:yfinance:['ULTRACEMCO.NS', 'WIPRO.NS', 'TECHM.NS', 'TRENT.NS', 'TITAN.NS']: JSONDecodeError('Expecting value: line 1 column 1 (char 0)')
WARNING:data_fetcher:yfinance returned empty or insufficient data. Generating synthetic data for testing.
INFO:data_fetcher:Fetched prices: 252 days × 50 tickers
INFO:main:✅ Data pre-fetched successfully (50 tickers)
INFO:     Application startup complete.
INFO:     Uvicorn running on http://0.0.0.0:8000 (Press CTRL+C to quit)
INFO:     127.0.0.1:49284 - "GET /api/health HTTP/1.1" 200 OK
INFO:data_fetcher:Downloading data for 50 tickers from yfinance in chunks…
INFO:data_fetcher:Fetching chunk: ['ADANIENT.NS', 'ADANIPORTS.NS', 'APOLLOHOSP.NS', 'ASIANPAINT.NS', 'AXISBANK.NS']
ERROR:yfinance:
5 Failed downloads:
ERROR:yfinance:['APOLLOHOSP.NS', 'AXISBANK.NS', 'ADANIENT.NS', 'ADANIPORTS.NS', 'ASIANPAINT.NS']: JSONDecodeError('Expecting value: line 1 column 1 (char 0)')
INFO:data_fetcher:Fetching chunk: ['BAJAJ-AUTO.NS', 'BAJFINANCE.NS', 'BAJAJFINSV.NS', 'BEL.NS', 'BHARTIARTL.NS']
ERROR:yfinance:
5 Failed downloads:
ERROR:yfinance:['BAJAJ-AUTO.NS', 'BHARTIARTL.NS', 'BAJAJFINSV.NS', 'BAJFINANCE.NS', 'BEL.NS']: JSONDecodeError('Expecting value: line 1 column 1 (char 0)')
INFO:data_fetcher:Fetching chunk: ['CIPLA.NS', 'COALINDIA.NS', 'DRREDDY.NS', 'EICHERMOT.NS', 'ETERNAL.NS']
ERROR:yfinance:
5 Failed downloads:
ERROR:yfinance:['EICHERMOT.NS', 'COALINDIA.NS', 'CIPLA.NS', 'ETERNAL.NS', 'DRREDDY.NS']: JSONDecodeError('Expecting value: line 1 column 1 (char 0)')
INFO:data_fetcher:Fetching chunk: ['GRASIM.NS', 'HCLTECH.NS', 'HDFCBANK.NS', 'HDFCLIFE.NS', 'HINDALCO.NS']
ERROR:yfinance:
5 Failed downloads:
ERROR:yfinance:['HINDALCO.NS', 'GRASIM.NS', 'HCLTECH.NS', 'HDFCBANK.NS', 'HDFCLIFE.NS']: JSONDecodeError('Expecting value: line 1 column 1 (char 0)')
INFO:data_fetcher:Fetching chunk: ['HINDUNILVR.NS', 'ICICIBANK.NS', 'INDIGO.NS', 'INFY.NS', 'ITC.NS']
ERROR:yfinance:
5 Failed downloads:
ERROR:yfinance:['INDIGO.NS', 'ITC.NS', 'ICICIBANK.NS', 'HINDUNILVR.NS', 'INFY.NS']: JSONDecodeError('Expecting value: line 1 column 1 (char 0)')
INFO:data_fetcher:Fetching chunk: ['JIOFIN.NS', 'JSWSTEEL.NS', 'KOTAKBANK.NS', 'LT.NS', 'M&M.NS']
ERROR:yfinance:
5 Failed downloads:
ERROR:yfinance:['M&M.NS', 'KOTAKBANK.NS', 'JSWSTEEL.NS', 'LT.NS', 'JIOFIN.NS']: JSONDecodeError('Expecting value: line 1 column 1 (char 0)')
INFO:data_fetcher:Fetching chunk: ['MARUTI.NS', 'MAXHEALTH.NS', 'NESTLEIND.NS', 'NTPC.NS', 'ONGC.NS']
ERROR:yfinance:
5 Failed downloads:
ERROR:yfinance:['NTPC.NS', 'NESTLEIND.NS', 'ONGC.NS', 'MARUTI.NS', 'MAXHEALTH.NS']: JSONDecodeError('Expecting value: line 1 column 1 (char 0)')
INFO:data_fetcher:Fetching chunk: ['POWERGRID.NS', 'RELIANCE.NS', 'SBILIFE.NS', 'SHRIRAMFIN.NS', 'SBIN.NS']
ERROR:yfinance:
5 Failed downloads:
ERROR:yfinance:['RELIANCE.NS', 'SBIN.NS', 'SHRIRAMFIN.NS', 'POWERGRID.NS', 'SBILIFE.NS']: JSONDecodeError('Expecting value: line 1 column 1 (char 0)')
INFO:data_fetcher:Fetching chunk: ['SUNPHARMA.NS', 'TCS.NS', 'TATACONSUM.NS', 'TMPV.NS', 'TATASTEEL.NS']
ERROR:yfinance:
5 Failed downloads:
ERROR:yfinance:['TCS.NS', 'SUNPHARMA.NS', 'TATACONSUM.NS', 'TMPV.NS', 'TATASTEEL.NS']: JSONDecodeError('Expecting value: line 1 column 1 (char 0)')
INFO:data_fetcher:Fetching chunk: ['TECHM.NS', 'TITAN.NS', 'TRENT.NS', 'ULTRACEMCO.NS', 'WIPRO.NS']
ERROR:yfinance:
5 Failed downloads:
ERROR:yfinance:['ULTRACEMCO.NS', 'WIPRO.NS', 'TECHM.NS', 'TRENT.NS', 'TITAN.NS']: JSONDecodeError('Expecting value: line 1 column 1 (char 0)')
WARNING:data_fetcher:yfinance returned empty or insufficient data. Generating synthetic data for testing.
INFO:data_fetcher:Fetched prices: 10 days × 50 tickers
INFO:     127.0.0.1:49286 - "POST /api/build-graph HTTP/1.1" 200 OK
INFO:     127.0.0.1:49521 - "POST /api/topology HTTP/1.1" 200 OK
INFO:data_fetcher:Cache hit for ADANIENT.NS,ADANIPORTS.NS,APOLLOHOSP.NS,ASIANPAINT.NS,AXISBANK.NS,BAJAJ-AUTO.NS,BAJAJFINSV.NS,BAJFINANCE.NS,BEL.NS,BHARTIARTL.NS,CIPLA.NS,COALINDIA.NS,DRREDDY.NS,EICHERMOT.NS,ETERNAL.NS,GRASIM.NS,HCLTECH.NS,HDFCBANK.NS,HDFCLIFE.NS,HINDALCO.NS,HINDUNILVR.NS,ICICIBANK.NS,INDIGO.NS,INFY.NS,ITC.NS,JIOFIN.NS,JSWSTEEL.NS,KOTAKBANK.NS,LT.NS,M&M.NS,MARUTI.NS,MAXHEALTH.NS,NESTLEIND.NS,NTPC.NS,ONGC.NS,POWERGRID.NS,RELIANCE.NS,SBILIFE.NS,SBIN.NS,SHRIRAMFIN.NS,SUNPHARMA.NS,TATACONSUM.NS,TATASTEEL.NS,TCS.NS,TECHM.NS,TITAN.NS,TMPV.NS,TRENT.NS,ULTRACEMCO.NS,WIPRO.NS_10
INFO:     127.0.0.1:49522 - "POST /api/build-graph HTTP/1.1" 200 OK
INFO:     127.0.0.1:49523 - "GET /api/anomalies HTTP/1.1" 200 OK
INFO:data_fetcher:Downloading data for 1 tickers from yfinance in chunks…
INFO:data_fetcher:Fetching chunk: ['EICHERMOT.NS']
ERROR:yfinance:
1 Failed download:
ERROR:yfinance:['EICHERMOT.NS']: JSONDecodeError('Expecting value: line 1 column 1 (char 0)')
WARNING:data_fetcher:yfinance returned empty or insufficient data. Generating synthetic data for testing.
INFO:data_fetcher:Fetched prices: 10 days × 1 tickers
INFO:     127.0.0.1:49526 - "POST /api/predict HTTP/1.1" 200 OK
INFO:data_fetcher:Cache hit for ADANIENT.NS,ADANIPORTS.NS,APOLLOHOSP.NS,ASIANPAINT.NS,AXISBANK.NS,BAJAJ-AUTO.NS,BAJAJFINSV.NS,BAJFINANCE.NS,BEL.NS,BHARTIARTL.NS,CIPLA.NS,COALINDIA.NS,DRREDDY.NS,EICHERMOT.NS,ETERNAL.NS,GRASIM.NS,HCLTECH.NS,HDFCBANK.NS,HDFCLIFE.NS,HINDALCO.NS,HINDUNILVR.NS,ICICIBANK.NS,INDIGO.NS,INFY.NS,ITC.NS,JIOFIN.NS,JSWSTEEL.NS,KOTAKBANK.NS,LT.NS,M&M.NS,MARUTI.NS,MAXHEALTH.NS,NESTLEIND.NS,NTPC.NS,ONGC.NS,POWERGRID.NS,RELIANCE.NS,SBILIFE.NS,SBIN.NS,SHRIRAMFIN.NS,SUNPHARMA.NS,TATACONSUM.NS,TATASTEEL.NS,TCS.NS,TECHM.NS,TITAN.NS,TMPV.NS,TRENT.NS,ULTRACEMCO.NS,WIPRO.NS_10
INFO:     127.0.0.1:49625 - "POST /api/build-graph HTTP/1.1" 200 OK
INFO:     127.0.0.1:49628 - "POST /api/topology HTTP/1.1" 200 OK
INFO:     127.0.0.1:49629 - "GET /api/anomalies HTTP/1.1" 200 OK
INFO:data_fetcher:Downloading data for 1 tickers from yfinance in chunks…
INFO:data_fetcher:Fetching chunk: ['ADANIENT.NS']
ERROR:yfinance:
1 Failed download:
ERROR:yfinance:['ADANIENT.NS']: JSONDecodeError('Expecting value: line 1 column 1 (char 0)')
WARNING:data_fetcher:yfinance returned empty or insufficient data. Generating synthetic data for testing.
INFO:data_fetcher:Fetched prices: 10 days × 1 tickers
INFO:     127.0.0.1:49651 - "POST /api/predict HTTP/1.1" 200 OK
INFO:data_fetcher:Downloading data for 1 tickers from yfinance in chunks…
INFO:data_fetcher:Fetching chunk: ['DRREDDY.NS']
ERROR:yfinance:
1 Failed download:
ERROR:yfinance:['DRREDDY.NS']: JSONDecodeError('Expecting value: line 1 column 1 (char 0)')
WARNING:data_fetcher:yfinance returned empty or insufficient data. Generating synthetic data for testing.
INFO:data_fetcher:Fetched prices: 10 days × 1 tickers
INFO:     127.0.0.1:49668 - "POST /api/predict HTTP/1.1" 200 OK
INFO:data_fetcher:Downloading data for 1 tickers from yfinance in chunks…
INFO:data_fetcher:Fetching chunk: ['KOTAKBANK.NS']
ERROR:yfinance:
1 Failed download:
ERROR:yfinance:['KOTAKBANK.NS']: JSONDecodeError('Expecting value: line 1 column 1 (char 0)')
WARNING:data_fetcher:yfinance returned empty or insufficient data. Generating synthetic data for testing.
INFO:data_fetcher:Fetched prices: 10 days × 1 tickers
INFO:     127.0.0.1:49671 - "POST /api/predict HTTP/1.1" 200 OK
INFO:data_fetcher:Downloading data for 1 tickers from yfinance in chunks…
INFO:data_fetcher:Fetching chunk: ['AXISBANK.NS']
ERROR:yfinance:
1 Failed download:
ERROR:yfinance:['AXISBANK.NS']: JSONDecodeError('Expecting value: line 1 column 1 (char 0)')
WARNING:data_fetcher:yfinance returned empty or insufficient data. Generating synthetic data for testing.
INFO:data_fetcher:Fetched prices: 10 days × 1 tickers
INFO:     127.0.0.1:49693 - "POST /api/predict HTTP/1.1" 200 OK
INFO:data_fetcher:Downloading data for 1 tickers from yfinance in chunks…
INFO:data_fetcher:Fetching chunk: ['ICICIBANK.NS']
ERROR:yfinance:
1 Failed download:
ERROR:yfinance:['ICICIBANK.NS']: JSONDecodeError('Expecting value: line 1 column 1 (char 0)')
WARNING:data_fetcher:yfinance returned empty or insufficient data. Generating synthetic data for testing.
INFO:data_fetcher:Fetched prices: 10 days × 1 tickers
INFO:     127.0.0.1:49697 - "POST /api/predict HTTP/1.1" 200 OK
